<?xml version="1.0" encoding="UTF-8"?>
<coverage generated="1675005677137" clover="3.2.0">
  <project timestamp="1675005677137" name="All files">
    <metrics statements="24" coveredstatements="24" conditionals="6" coveredconditionals="5" methods="8" coveredmethods="8" elements="38" coveredelements="37" complexity="0" loc="24" ncloc="24" packages="1" files="1" classes="1"/>
    <file name="cpf.validator.ts" path="/Users/lucastavares/Developer/ccca_01/src/validator/cpf.validator.ts">
      <metrics statements="24" coveredstatements="24" conditionals="6" coveredconditionals="5" methods="8" coveredmethods="8"/>
      <line num="7" count="1" type="stmt"/>
      <line num="12" count="3" type="cond" truecount="1" falsecount="0"/>
      <line num="13" count="2" type="stmt"/>
      <line num="14" count="2" type="cond" truecount="1" falsecount="0"/>
      <line num="15" count="1" type="stmt"/>
      <line num="19" count="3" type="cond" truecount="2" falsecount="0"/>
      <line num="23" count="13" type="stmt"/>
      <line num="27" count="2" type="stmt"/>
      <line num="35" count="2" type="stmt"/>
      <line num="36" count="2" type="cond" truecount="1" falsecount="1"/>
      <line num="41" count="1" type="stmt"/>
      <line num="42" count="1" type="stmt"/>
      <line num="45" count="1" type="stmt"/>
      <line num="46" count="9" type="stmt"/>
      <line num="47" count="9" type="stmt"/>
      <line num="48" count="9" type="stmt"/>
      <line num="51" count="1" type="stmt"/>
      <line num="59" count="1" type="stmt"/>
      <line num="60" count="1" type="stmt"/>
      <line num="61" count="1" type="stmt"/>
      <line num="63" count="1" type="stmt"/>
      <line num="64" count="1" type="stmt"/>
      <line num="66" count="1" type="stmt"/>
      <line num="67" count="1" type="stmt"/>
    </file>
  </project>
</coverage>
