{"/Users/lucastavares/Developer/clean_arch_exec1/src/validator/cpf.validator.ts": {"path":"/Users/lucastavares/Developer/clean_arch_exec1/src/validator/cpf.validator.ts","statementMap":{"0":{"start":{"line":3,"column":4},"end":{"line":7,"column":26}},"1":{"start":{"line":11,"column":18},"end":{"line":11,"column":26}},"2":{"start":{"line":12,"column":4},"end":{"line":12,"column":38}},"3":{"start":{"line":10,"column":0},"end":{"line":10,"column":16}},"4":{"start":{"line":21,"column":24},"end":{"line":21,"column":25}},"5":{"start":{"line":22,"column":25},"end":{"line":22,"column":26}},"6":{"start":{"line":25,"column":4},"end":{"line":29,"column":6}},"7":{"start":{"line":25,"column":32},"end":{"line":25,"column":33}},"8":{"start":{"line":26,"column":8},"end":{"line":26,"column":80}},"9":{"start":{"line":27,"column":8},"end":{"line":27,"column":56}},"10":{"start":{"line":28,"column":8},"end":{"line":28,"column":58}},"11":{"start":{"line":31,"column":4},"end":{"line":34,"column":null}},"12":{"start":{"line":38,"column":4},"end":{"line":38,"column":57}},"13":{"start":{"line":38,"column":44},"end":{"line":38,"column":57}},"14":{"start":{"line":39,"column":4},"end":{"line":39,"column":25}},"15":{"start":{"line":40,"column":4},"end":{"line":40,"column":77}},"16":{"start":{"line":40,"column":41},"end":{"line":40,"column":61}},"17":{"start":{"line":40,"column":64},"end":{"line":40,"column":77}},"18":{"start":{"line":42,"column":24},"end":{"line":42,"column":43}},"19":{"start":{"line":44,"column":21},"end":{"line":44,"column":53}},"20":{"start":{"line":45,"column":4},"end":{"line":45,"column":41}},"21":{"start":{"line":46,"column":22},"end":{"line":46,"column":55}},"22":{"start":{"line":48,"column":34},"end":{"line":48,"column":75}},"23":{"start":{"line":49,"column":30},"end":{"line":49,"column":59}},"24":{"start":{"line":50,"column":4},"end":{"line":50,"column":56}},"25":{"start":{"line":37,"column":0},"end":{"line":37,"column":24}}},"fnMap":{"0":{"name":"formatCPF","decl":{"start":{"line":2,"column":9},"end":{"line":2,"column":18}},"loc":{"start":{"line":2,"column":30},"end":{"line":8,"column":1}}},"1":{"name":"validateDigit","decl":{"start":{"line":10,"column":16},"end":{"line":10,"column":29}},"loc":{"start":{"line":10,"column":41},"end":{"line":13,"column":1}}},"2":{"name":"getSumOfDigits","decl":{"start":{"line":20,"column":9},"end":{"line":20,"column":23}},"loc":{"start":{"line":20,"column":35},"end":{"line":35,"column":1}}},"3":{"name":"validate","decl":{"start":{"line":37,"column":24},"end":{"line":37,"column":32}},"loc":{"start":{"line":37,"column":44},"end":{"line":51,"column":1}}},"4":{"name":"(anonymous_4)","decl":{"start":{"line":40,"column":28},"end":{"line":40,"column":37}},"loc":{"start":{"line":40,"column":41},"end":{"line":40,"column":61}}}},"branchMap":{"0":{"loc":{"start":{"line":12,"column":11},"end":{"line":12,"column":37}},"type":"cond-expr","locations":[{"start":{"line":12,"column":24},"end":{"line":12,"column":25}},{"start":{"line":12,"column":28},"end":{"line":12,"column":37}}]},"1":{"loc":{"start":{"line":38,"column":4},"end":{"line":38,"column":57}},"type":"if","locations":[{"start":{"line":38,"column":4},"end":{"line":38,"column":57}}]},"2":{"loc":{"start":{"line":38,"column":8},"end":{"line":38,"column":42}},"type":"binary-expr","locations":[{"start":{"line":38,"column":8},"end":{"line":38,"column":23}},{"start":{"line":38,"column":27},"end":{"line":38,"column":42}}]},"3":{"loc":{"start":{"line":40,"column":4},"end":{"line":40,"column":77}},"type":"if","locations":[{"start":{"line":40,"column":4},"end":{"line":40,"column":77}}]}},"s":{"0":2,"1":3,"2":3,"3":1,"4":1,"5":1,"6":1,"7":1,"8":9,"9":9,"10":9,"11":1,"12":3,"13":1,"14":2,"15":2,"16":13,"17":1,"18":1,"19":1,"20":1,"21":1,"22":1,"23":1,"24":1,"25":1},"f":{"0":2,"1":3,"2":1,"3":3,"4":13},"b":{"0":[1,2],"1":[1],"2":[3,2],"3":[1]}}
}
