{"/Users/lucastavares/Developer/ccca_01/src/validator/cpf.validator.ts": {"path":"/Users/lucastavares/Developer/ccca_01/src/validator/cpf.validator.ts","statementMap":{"0":{"start":{"line":12,"column":8},"end":{"line":12,"column":110}},"1":{"start":{"line":12,"column":47},"end":{"line":12,"column":110}},"2":{"start":{"line":13,"column":29},"end":{"line":13,"column":48}},"3":{"start":{"line":14,"column":8},"end":{"line":14,"column":95}},"4":{"start":{"line":14,"column":52},"end":{"line":14,"column":95}},"5":{"start":{"line":15,"column":8},"end":{"line":15,"column":null}},"6":{"start":{"line":19,"column":8},"end":{"line":19,"column":null}},"7":{"start":{"line":23,"column":8},"end":{"line":23,"column":null}},"8":{"start":{"line":23,"column":48},"end":{"line":23,"column":68}},"9":{"start":{"line":27,"column":8},"end":{"line":31,"column":30}},"10":{"start":{"line":35,"column":22},"end":{"line":35,"column":30}},"11":{"start":{"line":36,"column":8},"end":{"line":36,"column":42}},"12":{"start":{"line":41,"column":28},"end":{"line":41,"column":29}},"13":{"start":{"line":42,"column":29},"end":{"line":42,"column":30}},"14":{"start":{"line":45,"column":8},"end":{"line":49,"column":10}},"15":{"start":{"line":45,"column":36},"end":{"line":45,"column":37}},"16":{"start":{"line":46,"column":12},"end":{"line":46,"column":89}},"17":{"start":{"line":47,"column":12},"end":{"line":47,"column":60}},"18":{"start":{"line":48,"column":12},"end":{"line":48,"column":62}},"19":{"start":{"line":51,"column":8},"end":{"line":54,"column":null}},"20":{"start":{"line":59,"column":41},"end":{"line":59,"column":62}},"21":{"start":{"line":60,"column":35},"end":{"line":60,"column":72}},"22":{"start":{"line":61,"column":8},"end":{"line":61,"column":45}},"23":{"start":{"line":63,"column":35},"end":{"line":63,"column":73}},"24":{"start":{"line":64,"column":47},"end":{"line":64,"column":103}},"25":{"start":{"line":66,"column":42},"end":{"line":66,"column":71}},"26":{"start":{"line":67,"column":8},"end":{"line":67,"column":60}},"27":{"start":{"line":7,"column":0},"end":{"line":7,"column":21}}},"fnMap":{"0":{"name":"(anonymous_0)","decl":{"start":{"line":11,"column":4},"end":{"line":11,"column":16}},"loc":{"start":{"line":11,"column":27},"end":{"line":16,"column":5}}},"1":{"name":"(anonymous_1)","decl":{"start":{"line":18,"column":12},"end":{"line":18,"column":35}},"loc":{"start":{"line":18,"column":47},"end":{"line":20,"column":5}}},"2":{"name":"(anonymous_2)","decl":{"start":{"line":22,"column":12},"end":{"line":22,"column":31}},"loc":{"start":{"line":22,"column":43},"end":{"line":24,"column":5}}},"3":{"name":"(anonymous_3)","decl":{"start":{"line":23,"column":35},"end":{"line":23,"column":44}},"loc":{"start":{"line":23,"column":48},"end":{"line":23,"column":68}}},"4":{"name":"(anonymous_4)","decl":{"start":{"line":26,"column":12},"end":{"line":26,"column":21}},"loc":{"start":{"line":26,"column":33},"end":{"line":32,"column":5}}},"5":{"name":"(anonymous_5)","decl":{"start":{"line":34,"column":12},"end":{"line":34,"column":25}},"loc":{"start":{"line":34,"column":37},"end":{"line":37,"column":5}}},"6":{"name":"(anonymous_6)","decl":{"start":{"line":40,"column":12},"end":{"line":40,"column":26}},"loc":{"start":{"line":40,"column":26},"end":{"line":55,"column":5}}},"7":{"name":"(anonymous_7)","decl":{"start":{"line":57,"column":11},"end":{"line":57,"column":19}},"loc":{"start":{"line":57,"column":19},"end":{"line":68,"column":5}}}},"branchMap":{"0":{"loc":{"start":{"line":12,"column":8},"end":{"line":12,"column":110}},"type":"if","locations":[{"start":{"line":12,"column":8},"end":{"line":12,"column":110}}]},"1":{"loc":{"start":{"line":14,"column":8},"end":{"line":14,"column":95}},"type":"if","locations":[{"start":{"line":14,"column":8},"end":{"line":14,"column":95}}]},"2":{"loc":{"start":{"line":19,"column":16},"end":{"line":19,"column":50}},"type":"binary-expr","locations":[{"start":{"line":19,"column":16},"end":{"line":19,"column":31}},{"start":{"line":19,"column":35},"end":{"line":19,"column":50}}]},"3":{"loc":{"start":{"line":36,"column":15},"end":{"line":36,"column":41}},"type":"cond-expr","locations":[{"start":{"line":36,"column":28},"end":{"line":36,"column":29}},{"start":{"line":36,"column":32},"end":{"line":36,"column":41}}]}},"s":{"0":3,"1":1,"2":2,"3":2,"4":1,"5":1,"6":3,"7":2,"8":13,"9":2,"10":2,"11":2,"12":1,"13":1,"14":1,"15":1,"16":9,"17":9,"18":9,"19":1,"20":1,"21":1,"22":1,"23":1,"24":1,"25":1,"26":1,"27":1},"f":{"0":3,"1":3,"2":2,"3":13,"4":2,"5":2,"6":1,"7":1},"b":{"0":[1],"1":[1],"2":[3,2],"3":[0,2]}}
}
