TN:
SF:src/validator/cpf.validator.ts
FN:2,formatCPF
FN:10,validateDigit
FN:20,getSumOfDigits
FN:37,validate
FN:40,(anonymous_4)
FNF:5
FNH:5
FNDA:2,formatCPF
FNDA:3,validateDigit
FNDA:1,getSumOfDigits
FNDA:3,validate
FNDA:13,(anonymous_4)
DA:3,2
DA:10,1
DA:11,3
DA:12,3
DA:21,1
DA:22,1
DA:25,1
DA:26,9
DA:27,9
DA:28,9
DA:31,1
DA:37,1
DA:38,3
DA:39,2
DA:40,13
DA:42,1
DA:44,1
DA:45,1
DA:46,1
DA:48,1
DA:49,1
DA:50,1
LF:22
LH:22
BRDA:12,0,0,1
BRDA:12,0,1,2
BRDA:38,1,0,1
BRDA:38,2,0,3
BRDA:38,2,1,2
BRDA:40,3,0,1
BRF:6
BRH:6
end_of_record
