TN:
SF:../../../src/models/order.model.ts
FN:16,(anonymous_1)
FN:24,(anonymous_2)
FN:29,(anonymous_3)
FN:33,(anonymous_4)
FN:34,(anonymous_5)
FNF:5
FNH:5
FNDA:5,(anonymous_1)
FNDA:3,(anonymous_2)
FNDA:1,(anonymous_3)
FNDA:2,(anonymous_4)
FNDA:2,(anonymous_5)
DA:1,1
DA:2,1
DA:12,1
DA:14,5
DA:16,5
DA:17,5
DA:18,5
DA:20,1
DA:25,3
DA:26,3
DA:30,1
DA:34,2
DA:35,2
DA:36,2
DA:37,1
LF:15
LH:15
BRDA:18,0,0,4
BRDA:36,1,0,1
BRF:2
BRH:2
end_of_record
TN:
SF:../../../src/models/product.model.ts
FN:9,(anonymous_0)
FN:18,(anonymous_1)
FN:23,(anonymous_2)
FNF:3
FNH:3
FNDA:5,(anonymous_0)
FNDA:5,(anonymous_1)
FNDA:3,(anonymous_2)
DA:8,2
DA:10,5
DA:11,5
DA:12,5
DA:13,5
DA:15,5
DA:19,5
DA:20,4
DA:24,3
LF:9
LH:9
BRDA:15,0,0,1
BRDA:19,1,0,1
BRDA:19,2,0,5
BRDA:19,2,1,3
BRDA:24,3,0,3
BRDA:24,3,1,3
BRF:6
BRH:6
end_of_record
TN:
SF:../../../src/validator/cpf.validator.ts
FN:7,(anonymous_0)
FN:18,(anonymous_1)
FN:25,(anonymous_2)
FN:29,(anonymous_3)
FN:30,(anonymous_4)
FN:33,(anonymous_5)
FN:41,(anonymous_6)
FN:47,(anonymous_7)
FN:64,(anonymous_8)
FNF:9
FNH:9
FNDA:2,(anonymous_0)
FNDA:8,(anonymous_1)
FNDA:8,(anonymous_2)
FNDA:7,(anonymous_3)
FNDA:32,(anonymous_4)
FNDA:7,(anonymous_5)
FNDA:10,(anonymous_6)
FNDA:5,(anonymous_7)
FNDA:5,(anonymous_8)
DA:7,2
DA:8,2
DA:9,2
DA:10,2
DA:11,2
DA:14,2
DA:19,8
DA:20,7
DA:21,7
DA:22,5
DA:26,8
DA:30,32
DA:34,7
DA:42,10
DA:43,10
DA:48,5
DA:49,5
DA:52,5
DA:53,45
DA:54,45
DA:55,45
DA:58,5
DA:66,5
DA:67,5
DA:68,5
DA:70,5
DA:71,5
DA:73,5
DA:74,5
LF:29
LH:29
BRDA:7,0,0,2
BRDA:7,0,1,2
BRDA:19,1,0,1
BRDA:21,2,0,2
BRDA:26,3,0,8
BRDA:26,3,1,7
BRDA:43,4,0,0
BRDA:43,4,1,10
BRF:8
BRH:7
end_of_record
